<?xml version="1.0" encoding="UTF-8"?>
<!-- Generated by org.testng.reporters.JUnitReportReporter -->
<testsuite hostname="LTIN508405" failures="0" tests="1" name="testCases.TC003_GetServiceCenters" time="28.644" errors="0" timestamp="2024-04-16T17:37:46 IST" skipped="0">
  <testcase classname="testCases.TC003_GetServiceCenters" name="getServiceCenters" time="28.644"/>
  <system-out/>
</testsuite> <!-- testCases.TC003_GetServiceCenters -->
