<?xml version="1.0" encoding="UTF-8"?>
<!-- Generated by org.testng.reporters.JUnitReportReporter -->
<testsuite hostname="LTIN509459" failures="0" tests="4" name="testScenario.Main" time="32.042" errors="0" timestamp="2024-04-04T20:39:38 IST" skipped="0">
  <testcase classname="testScenario.Main" name="WebSetUp" time="31.162"/>
  <testcase classname="testScenario.Main" name="selectLocation" time="0.345"/>
  <testcase classname="testScenario.Main" name="selectServices" time="0.404"/>
  <testcase classname="testScenario.Main" name="clickSearchIcon" time="0.131"/>
</testsuite> <!-- testScenario.Main -->
