<?xml version="1.0" encoding="UTF-8"?>
<!-- Generated by org.testng.reporters.JUnitReportReporter -->
<testsuite hostname="LTIN508405" failures="0" tests="1" name="testCases.TC004_GetServiceCenters" time="27.347" errors="0" timestamp="2024-04-23T14:40:02 IST" skipped="0">
  <testcase classname="testCases.TC004_GetServiceCenters" name="getServiceCenters" time="27.347"/>
  <system-out/>
</testsuite> <!-- testCases.TC004_GetServiceCenters -->
