<?xml version="1.0" encoding="UTF-8"?>
<!-- Generated by org.testng.reporters.JUnitReportReporter -->
<testsuite hostname="LTIN508405" failures="0" tests="1" name="testCases.TC003_GetServiceCenters" time="29.946" errors="0" timestamp="2024-04-16T11:51:00 IST" skipped="0">
  <testcase classname="testCases.TC003_GetServiceCenters" name="getServiceCenters" time="29.946"/>
  <system-out/>
</testsuite> <!-- testCases.TC003_GetServiceCenters -->
